androidPro/launcher/build/intermediates/manifest_merge_blame_file/debug/manifest-merger-blame-debug-report.txt
1<?xml version="1.0" encoding="utf-8"?>
2<!-- GENERATED BY UNITY. REMOVE THIS COMMENT TO PREVENT OVERWRITING WHEN EXPORTING AGAIN -->
3<manifest xmlns:android="http://schemas.android.com/apk/res/android"
4    package="com.DefaultCompany.CameraImage"
5    android:installLocation="preferExternal"
6    android:versionCode="1"
7    android:versionName="0.1" >
8
9    <uses-sdk
10        android:minSdkVersion="28"
10-->src/main/AndroidManifest.xml
11        android:targetSdkVersion="29" />
11-->src/main/AndroidManifest.xml
12
13    <supports-screens
13-->src/main/AndroidManifest.xml:4:3-163
14        android:anyDensity="true"
14-->src/main/AndroidManifest.xml:4:135-160
15        android:largeScreens="true"
15-->src/main/AndroidManifest.xml:4:78-105
16        android:normalScreens="true"
16-->src/main/AndroidManifest.xml:4:49-77
17        android:smallScreens="true"
17-->src/main/AndroidManifest.xml:4:21-48
18        android:xlargeScreens="true" />
18-->src/main/AndroidManifest.xml:4:106-134
19
20    <uses-permission android:name="android.permission.CAMERA" />
20-->[:unityLibrary] AndroidManifest.xml:11:5-65
20-->[:unityLibrary] AndroidManifest.xml:11:22-62
21
22    <uses-feature
22-->[:unityLibrary] AndroidManifest.xml:13:5-15:35
23        android:glEsVersion="0x00020000"
23-->[:unityLibrary] AndroidManifest.xml:14:9-41
24        android:required="true" />
24-->[:unityLibrary] AndroidManifest.xml:15:9-32
25    <uses-feature
25-->[:unityLibrary] AndroidManifest.xml:16:5-18:35
26        android:name="android.hardware.camera2"
26-->[:unityLibrary] AndroidManifest.xml:17:9-48
27        android:required="true" />
27-->[:unityLibrary] AndroidManifest.xml:18:9-32
28    <uses-feature
28-->[:unityLibrary] AndroidManifest.xml:19:5-21:35
29        android:name="android.hardware.camera"
29-->[:unityLibrary] AndroidManifest.xml:20:9-47
30        android:required="true" />
30-->[:unityLibrary] AndroidManifest.xml:21:9-32
31    <uses-feature
31-->[:unityLibrary] AndroidManifest.xml:22:5-24:35
32        android:name="android.hardware.camera.autofocus"
32-->[:unityLibrary] AndroidManifest.xml:23:9-57
33        android:required="true" />
33-->[:unityLibrary] AndroidManifest.xml:24:9-32
34    <uses-feature
34-->[:unityLibrary] AndroidManifest.xml:25:5-27:36
35        android:name="android.hardware.camera.front"
35-->[:unityLibrary] AndroidManifest.xml:26:9-53
36        android:required="false" />
36-->[:unityLibrary] AndroidManifest.xml:27:9-33
37    <uses-feature
37-->[:unityLibrary] AndroidManifest.xml:28:5-30:36
38        android:name="android.hardware.touchscreen"
38-->[:unityLibrary] AndroidManifest.xml:29:9-52
39        android:required="false" />
39-->[:unityLibrary] AndroidManifest.xml:30:9-33
40    <uses-feature
40-->[:unityLibrary] AndroidManifest.xml:31:5-33:36
41        android:name="android.hardware.touchscreen.multitouch"
41-->[:unityLibrary] AndroidManifest.xml:32:9-63
42        android:required="false" />
42-->[:unityLibrary] AndroidManifest.xml:33:9-33
43    <uses-feature
43-->[:unityLibrary] AndroidManifest.xml:34:5-36:36
44        android:name="android.hardware.touchscreen.multitouch.distinct"
44-->[:unityLibrary] AndroidManifest.xml:35:9-72
45        android:required="false" />
45-->[:unityLibrary] AndroidManifest.xml:36:9-33
46
47    <application
47-->src/main/AndroidManifest.xml:5:3-116
48        android:debuggable="true"
49        android:extractNativeLibs="true"
49-->src/main/AndroidManifest.xml:5:16-48
50        android:icon="@mipmap/app_icon"
50-->src/main/AndroidManifest.xml:5:82-113
51        android:label="@string/app_name"
51-->src/main/AndroidManifest.xml:5:49-81
52        android:testOnly="true" >
53        <activity
53-->[:unityLibrary] AndroidManifest.xml:39:9-53:20
54            android:name="gmy.camera.CameraPluginActivity"
54-->[:unityLibrary] AndroidManifest.xml:40:13-59
55            android:configChanges="fontScale|keyboard|keyboardHidden|locale|mnc|mcc|navigation|orientation|screenLayout|screenSize|smallestScreenSize|uiMode|touchscreen"
55-->[:unityLibrary] AndroidManifest.xml:41:13-170
56            android:label="@string/app_name"
56-->[:unityLibrary] AndroidManifest.xml:42:13-45
57            android:screenOrientation="landscape" >
57-->[:unityLibrary] AndroidManifest.xml:43:13-50
58            <intent-filter>
58-->[:unityLibrary] AndroidManifest.xml:44:13-48:29
59                <action android:name="android.intent.action.MAIN" />
59-->[:unityLibrary] AndroidManifest.xml:45:17-69
59-->[:unityLibrary] AndroidManifest.xml:45:25-66
60
61                <category android:name="android.intent.category.LAUNCHER" />
61-->[:unityLibrary] AndroidManifest.xml:47:17-77
61-->[:unityLibrary] AndroidManifest.xml:47:27-74
62            </intent-filter>
63
64            <meta-data
64-->[:unityLibrary] AndroidManifest.xml:50:13-52:40
65                android:name="android.notch_support"
65-->[:unityLibrary] AndroidManifest.xml:51:17-53
66                android:value="true" />
66-->[:unityLibrary] AndroidManifest.xml:52:17-37
67        </activity>
68
69        <meta-data
69-->[:unityLibrary] AndroidManifest.xml:55:9-57:33
70            android:name="unity.splash-mode"
70-->[:unityLibrary] AndroidManifest.xml:56:13-45
71            android:value="0" />
71-->[:unityLibrary] AndroidManifest.xml:57:13-30
72        <meta-data
72-->[:unityLibrary] AndroidManifest.xml:58:9-60:36
73            android:name="unity.splash-enable"
73-->[:unityLibrary] AndroidManifest.xml:59:13-47
74            android:value="True" />
74-->[:unityLibrary] AndroidManifest.xml:60:13-33
75        <meta-data
75-->[:unityLibrary] AndroidManifest.xml:61:9-63:50
76            android:name="notch.config"
76-->[:unityLibrary] AndroidManifest.xml:62:13-40
77            android:value="portrait|landscape" />
77-->[:unityLibrary] AndroidManifest.xml:63:13-47
78        <meta-data
78-->[:unityLibrary] AndroidManifest.xml:64:9-66:68
79            android:name="unity.build-id"
79-->[:unityLibrary] AndroidManifest.xml:65:13-42
80            android:value="ad772bb1-c023-4cec-86a5-8b4c009f0a2f" />
80-->[:unityLibrary] AndroidManifest.xml:66:13-65
81        <meta-data
81-->[com.android.support:appcompat-v7:26.1.0] AndroidManifest.xml:26:9-28:38
82            android:name="android.support.VERSION"
82-->[com.android.support:appcompat-v7:26.1.0] AndroidManifest.xml:27:13-51
83            android:value="26.1.0" />
83-->[com.android.support:appcompat-v7:26.1.0] AndroidManifest.xml:28:13-35
84
85        <activity
85-->[:nativecamera-release:] AndroidManifest.xml:27:9-37:20
86            android:name="com.gmy.camera.CameraPluginActivity"
86-->[:nativecamera-release:] AndroidManifest.xml:28:13-63
87            android:configChanges="fontScale|keyboard|keyboardHidden|locale|mnc|mcc|navigation|orientation|screenLayout|screenSize|smallestScreenSize|uiMode|touchscreen"
87-->[:nativecamera-release:] AndroidManifest.xml:29:13-170
88            android:label="@string/app_name"
88-->[:nativecamera-release:] AndroidManifest.xml:30:13-45
89            android:screenOrientation="landscape" >
89-->[:nativecamera-release:] AndroidManifest.xml:31:13-50
90            <intent-filter>
90-->[:unityLibrary] AndroidManifest.xml:44:13-48:29
91                <action android:name="android.intent.action.MAIN" />
91-->[:unityLibrary] AndroidManifest.xml:45:17-69
91-->[:unityLibrary] AndroidManifest.xml:45:25-66
92
93                <category android:name="android.intent.category.LAUNCHER" />
93-->[:unityLibrary] AndroidManifest.xml:47:17-77
93-->[:unityLibrary] AndroidManifest.xml:47:27-74
94            </intent-filter>
95        </activity>
96
97        <meta-data
97-->[android.arch.lifecycle:runtime:1.0.0] AndroidManifest.xml:25:9-27:47
98            android:name="android.arch.lifecycle.VERSION"
98-->[android.arch.lifecycle:runtime:1.0.0] AndroidManifest.xml:26:13-58
99            android:value="27.0.0-SNAPSHOT" />
99-->[android.arch.lifecycle:runtime:1.0.0] AndroidManifest.xml:27:13-44
100    </application>
101
102</manifest>